[debug] [2021-12-21T09:52:27.022Z] ----------------------------------------------------------------------
[debug] [2021-12-21T09:52:27.026Z] Command:       /usr/local/bin/node /usr/local/bin/firebase deploy
[debug] [2021-12-21T09:52:27.027Z] CLI Version:   8.14.1
[debug] [2021-12-21T09:52:27.027Z] Platform:      darwin
[debug] [2021-12-21T09:52:27.027Z] Node Version:  v16.13.0
[debug] [2021-12-21T09:52:27.034Z] Time:          Tue Dec 21 2021 15:22:27 GMT+0530 (India Standard Time)
[debug] [2021-12-21T09:52:27.035Z] ----------------------------------------------------------------------
[debug] [2021-12-21T09:52:27.035Z] 
[debug] [2021-12-21T09:52:27.053Z] > command requires scopes: ["email","openid","https://www.googleapis.com/auth/cloudplatformprojects.readonly","https://www.googleapis.com/auth/firebase","https://www.googleapis.com/auth/cloud-platform"]
[debug] [2021-12-21T09:52:27.054Z] > authorizing via signed-in user
[debug] [2021-12-21T09:52:27.054Z] [iam] checking project armoonia for permissions ["firebase.projects.get","firebasehosting.sites.update"]
[debug] [2021-12-21T09:52:27.060Z] > refreshing access token with scopes: ["email","https://www.googleapis.com/auth/cloud-platform","https://www.googleapis.com/auth/cloudplatformprojects.readonly","https://www.googleapis.com/auth/firebase","openid"]
[debug] [2021-12-21T09:52:27.060Z] >>> HTTP REQUEST POST https://www.googleapis.com/oauth2/v3/token  
 <request body omitted>
[debug] [2021-12-21T09:53:29.010Z] [iam] error while checking permissions, command may fail: FirebaseError: Authentication Error: Your credentials are no longer valid. Please run firebase login --reauth

For CI servers and headless environments, generate a new token with firebase login:ci
[debug] [2021-12-21T09:53:29.011Z] > refreshing access token with scopes: ["email","https://www.googleapis.com/auth/cloud-platform","https://www.googleapis.com/auth/cloudplatformprojects.readonly","https://www.googleapis.com/auth/firebase","openid"]
[debug] [2021-12-21T09:53:29.012Z] >>> HTTP REQUEST POST https://www.googleapis.com/oauth2/v3/token  
 <request body omitted>
[debug] [2021-12-21T09:53:49.447Z] Authentication Error: Your credentials are no longer valid. Please run firebase login --reauth

For CI servers and headless environments, generate a new token with firebase login:ci
